[INFO] 10:29:54:943 log del tp0/(29832:29832): HOLA! SOY UN LOG
[INFO] 10:34:09:355 log del tp0/(30230:30230): HOLA! SOY UN LOG
[INFO] 10:46:12:876 log del tp0/(31596:31596): HOLA! SOY UN LOG
[INFO] 10:46:12:876 log del tp0/(31596:31596): lei la CLAVE: valor 

[INFO] 10:46:18:267 log del tp0/(31596:31596): hola buen dia
[INFO] 10:46:18:267 log del tp0/(31596:31596): tamanio lineas 14
[INFO] 00:06:09:552 log del tp0/(24402:24402): HOLA! SOY UN LOG
[INFO] 00:06:09:553 log del tp0/(24402:24402): lei la CLAVE: valor 

[INFO] 00:06:11:489 log del tp0/(24402:24402): hola
[INFO] 00:06:13:592 log del tp0/(24402:24402): boa
[INFO] 00:07:45:010 log del tp0/(24504:24504): HOLA! SOY UN LOG
[INFO] 00:07:45:010 log del tp0/(24504:24504): lei la CLAVE: valor 

[INFO] 00:07:46:301 log del tp0/(24504:24504): hola
[INFO] 00:08:31:841 log del tp0/(24547:24547): HOLA! SOY UN LOG
[INFO] 00:08:31:842 log del tp0/(24547:24547): lei la CLAVE: valor 

[INFO] 00:08:38:933 log del tp0/(24547:24547): boa noite como voce esta
[INFO] 00:09:13:653 log del tp0/(24586:24586): HOLA! SOY UN LOG
[INFO] 00:09:13:654 log del tp0/(24586:24586): lei la CLAVE: valor 

[INFO] 00:09:20:280 log del tp0/(24586:24586): hola buena noche
[INFO] 00:10:18:855 log del tp0/(24661:24661): HOLA! SOY UN LOG
[INFO] 00:10:18:855 log del tp0/(24661:24661): lei la CLAVE: valor 

[INFO] 00:10:22:478 log del tp0/(24661:24661): bom dia
[INFO] 00:11:05:085 log del tp0/(24716:24716): HOLA! SOY UN LOG
[INFO] 00:11:05:085 log del tp0/(24716:24716): lei la CLAVE: valor 

[INFO] 00:11:10:540 log del tp0/(24716:24716): bom dia
[INFO] 00:11:27:198 log del tp0/(24734:24734): HOLA! SOY UN LOG
[INFO] 00:11:27:198 log del tp0/(24734:24734): lei la CLAVE: valor 

[INFO] 00:11:34:717 log del tp0/(24734:24734): buenas noches como esta
[INFO] 00:11:45:762 log del tp0/(24750:24750): HOLA! SOY UN LOG
[INFO] 00:11:45:762 log del tp0/(24750:24750): lei la CLAVE: valor 

[INFO] 00:11:48:414 log del tp0/(24750:24750): como estas
[INFO] 00:14:11:816 log del tp0/(24933:24933): HOLA! SOY UN LOG
[INFO] 00:14:11:817 log del tp0/(24933:24933): lei la CLAVE: valor 

[INFO] 00:14:18:737 log del tp0/(24933:24933): hola buenas noches
[INFO] 00:16:25:333 log del tp0/(25071:25071): HOLA! SOY UN LOG
[INFO] 00:16:25:334 log del tp0/(25071:25071): lei la CLAVE: valor 

[INFO] 00:16:27:556 log del tp0/(25071:25071): hola
[INFO] 00:16:39:777 log del tp0/(25088:25088): HOLA! SOY UN LOG
[INFO] 00:16:39:778 log del tp0/(25088:25088): lei la CLAVE: valor 

[INFO] 00:16:41:653 log del tp0/(25088:25088): hola
[INFO] 00:33:42:174 log del tp0/(25859:25859): HOLA! SOY UN LOG
[INFO] 00:33:42:175 log del tp0/(25859:25859): lei la CLAVE: valor 

[INFO] 00:33:46:434 log del tp0/(25859:25859): hola
[INFO] 00:44:28:801 log del tp0/(26334:26334): HOLA! SOY UN LOG
[INFO] 00:44:28:802 log del tp0/(26334:26334): lei la CLAVE: valor 

[INFO] 00:44:30:899 log del tp0/(26334:26334): hola
[INFO] 00:49:46:519 log del tp0/(26599:26599): HOLA! SOY UN LOG
[INFO] 00:49:46:519 log del tp0/(26599:26599): lei la CLAVE: valor 

[INFO] 00:53:00:413 log del tp0/(26599:26599): hola
[INFO] 00:57:35:973 log del tp0/(26968:26968): HOLA! SOY UN LOG
[INFO] 00:57:35:973 log del tp0/(26968:26968): lei la CLAVE: valor 

[INFO] 00:57:38:177 log del tp0/(26968:26968): ghola
[INFO] 01:13:06:970 log del tp0/(27607:27607): HOLA! SOY UN LOG
[INFO] 01:13:06:970 log del tp0/(27607:27607): lei la CLAVE: valor 

[INFO] 01:13:16:247 log del tp0/(27607:27607): hola
[INFO] 01:18:35:500 log del tp0/(27855:27855): HOLA! SOY UN LOG
[INFO] 01:19:48:393 log del tp0/(27958:27958): HOLA! SOY UN LOG
[INFO] 01:19:48:394 log del tp0/(27958:27958): lei la CLAVE: valor 

[INFO] 01:20:22:372 log del tp0/(28002:28002): HOLA! SOY UN LOG
[INFO] 01:20:22:372 log del tp0/(28002:28002): lei la CLAVE: valor 

[INFO] 01:20:22:373 log del tp0/(28002:28002): 4444
[INFO] 01:20:22:373 log del tp0/(28002:28002): valor
[INFO] 01:20:39:618 log del tp0/(28029:28029): HOLA! SOY UN LOG
[INFO] 01:20:39:619 log del tp0/(28029:28029): lei la CLAVE: valor 

[INFO] 01:20:39:619 log del tp0/(28029:28029): 4444
[INFO] 01:20:39:619 log del tp0/(28029:28029): 127.0.0.1
[INFO] 01:20:45:025 log del tp0/(28029:28029): ho
[INFO] 01:32:32:836 log del tp0/(28753:28753): HOLA! SOY UN LOG
[INFO] 01:34:41:427 log del tp0/(28894:28894): HOLA! SOY UN LOG
[INFO] 08:16:41:641 log del tp0/(30806:30806): HOLA! SOY UN LOG
[INFO] 08:17:36:329 log del tp0/(30879:30879): HOLA! SOY UN LOG
[INFO] 08:17:36:329 log del tp0/(30879:30879): lei la CLAVE: valor 

[INFO] 08:17:38:470 log del tp0/(30879:30879): hole
[INFO] 08:30:04:569 log del tp0/(31550:31550): HOLA! SOY UN LOG
[INFO] 08:30:04:570 log del tp0/(31550:31550): lei la CLAVE: valor 

[INFO] 08:30:06:574 log del tp0/(31550:31550): hola
[INFO] 08:32:41:203 log del tp0/(31695:31695): HOLA! SOY UN LOG
[INFO] 08:32:41:204 log del tp0/(31695:31695): lei la CLAVE: valor 

[INFO] 08:32:43:976 log del tp0/(31695:31695): hola
[INFO] 08:33:55:967 log del tp0/(31762:31762): HOLA! SOY UN LOG
[INFO] 08:33:55:968 log del tp0/(31762:31762): lei la CLAVE: valor 

[INFO] 08:34:02:372 log del tp0/(31762:31762): bom dia
[INFO] 08:43:57:103 log del tp0/(32310:32310): HOLA! SOY UN LOG
[INFO] 08:43:57:104 log del tp0/(32310:32310): lei la CLAVE: valor 

[INFO] 08:44:26:261 log del tp0/(32331:32331): HOLA! SOY UN LOG
[INFO] 08:44:26:262 log del tp0/(32331:32331): lei la CLAVE: valor 

[INFO] 08:45:40:812 log del tp0/(32394:32394): HOLA! SOY UN LOG
[INFO] 08:45:40:813 log del tp0/(32394:32394): lei la CLAVE: valor 

[INFO] 08:45:43:834 log del tp0/(32405:32405): HOLA! SOY UN LOG
[INFO] 08:45:43:835 log del tp0/(32405:32405): lei la CLAVE: valor 

[INFO] 08:46:55:326 log del tp0/(32480:32480): HOLA! SOY UN LOG
[INFO] 08:46:55:327 log del tp0/(32480:32480): lei la CLAVE: valor 

[INFO] 08:48:41:718 log del tp0/(32579:32579): HOLA! SOY UN LOG
[INFO] 08:48:41:719 log del tp0/(32579:32579): lei la CLAVE: valor 

[INFO] 08:49:14:348 log del tp0/(32683:32683): HOLA! SOY UN LOG
[INFO] 08:49:14:348 log del tp0/(32683:32683): lei la CLAVE: valor 

[INFO] 08:50:03:979 log del tp0/(32747:32747): HOLA! SOY UN LOG
[INFO] 08:50:03:979 log del tp0/(32747:32747): lei la CLAVE: valor 

[INFO] 08:50:16:116 log del tp0/(32759:32759): HOLA! SOY UN LOG
[INFO] 08:50:16:117 log del tp0/(32759:32759): lei la CLAVE: valor 

[INFO] 08:50:33:329 log del tp0/(32759:32759): BOM DIA
[INFO] 08:50:42:538 log del tp0/(32759:32759): TUDO BEM COM VOCE
[INFO] 08:50:44:872 log del tp0/(32759:32759): ADEUS
[INFO] 08:57:13:912 log del tp0/(726:726): HOLA! SOY UN LOG
[INFO] 08:57:13:913 log del tp0/(726:726): lei la CLAVE: valor 

[INFO] 08:57:24:006 log del tp0/(726:726): hola
[INFO] 09:34:09:491 log del tp0/(3169:3169): HOLA! SOY UN LOG
[INFO] 09:34:09:501 log del tp0/(3169:3169): lei la CLAVE: valor 

[INFO] 09:34:12:971 log del tp0/(3169:3169): hola
